#
# There is insufficient memory for the Java Runtime Environment to continue.
# Native memory allocation (mmap) failed to map 266338304 bytes for G1 virtual space
# Possible reasons:
#   The system is out of physical RAM or swap space
#   The process is running with CompressedOops enabled, and the Java Heap may be blocking the growth of the native heap
# Possible solutions:
#   Reduce memory load on the system
#   Increase physical memory or swap space
#   Check if swap backing store is full
#   Decrease Java heap size (-Xmx/-Xms)
#   Decrease number of Java threads
#   Decrease Java thread stack sizes (-Xss)
#   Set larger code cache with -XX:ReservedCodeCacheSize=
#   JVM is running with Zero Based Compressed Oops mode in which the Java heap is
#     placed in the first 32GB address space. The Java Heap base address is the
#     maximum limit for the native heap growth. Please use -XX:HeapBaseMinAddress
#     to set the Java Heap base and to place the Java Heap above 32GB virtual address.
# This output file may be truncated or incomplete.
#
#  Out of Memory Error (os_windows.cpp:3551), pid=19740, tid=15216
#
# JRE version:  (17.0.14+8) (build )
# Java VM: Java HotSpot(TM) 64-Bit Server VM (17.0.14+8-LTS-191, mixed mode, sharing, tiered, compressed oops, compressed class ptrs, g1 gc, windows-amd64)
# No core dump will be written. Minidumps are not enabled by default on client versions of Windows
#

---------------  S U M M A R Y ------------

Command Line: com.google.prefab.cli.AppKt --build-system cmake --platform android --abi arm64-v8a --os-version 24 --stl c++_shared --ndk-version 27 --output C:\\Users\\skyim\\AppData\\Local\\Temp\\agp-prefab-staging9993105400141246759\\staged-cli-output C:\\Users\\skyim\\.gradle\\caches\\8.13\\transforms\\8cb416b8178cb0e7f140959230f7f0bf\\transformed\\react-android-0.79.2-debug\\prefab C:\\locathon\\app\\android\\app\\build\\intermediates\\cxx\\refs\\react-native-reanimated\\2m5g6s1w C:\\Users\\skyim\\.gradle\\caches\\8.13\\transforms\\b91a94c10768de6e7e46fcdf99215bf3\\transformed\\hermes-android-0.79.2-debug\\prefab C:\\Users\\skyim\\.gradle\\caches\\8.13\\transforms\\72cde7dc85b5006383f56c98fcfedfa5\\transformed\\fbjni-0.7.0\\prefab

Host: 11th Gen Intel(R) Core(TM) i7-1165G7 @ 2.80GHz, 8 cores, 15G,  Windows 11 , 64 bit Build 26100 (10.0.26100.3912)
Time: Sat Jun  7 21:10:20 2025  Windows 11 , 64 bit Build 26100 (10.0.26100.3912) elapsed time: 2.048428 seconds (0d 0h 0m 2s)

---------------  T H R E A D  ---------------

Current thread (0x0000023105ae4670):  JavaThread "Unknown thread" [_thread_in_vm, id=15216, stack(0x000000806ca00000,0x000000806cb00000)]

Stack: [0x000000806ca00000,0x000000806cb00000]
Native frames: (J=compiled Java code, j=interpreted, Vv=VM code, C=native code)
V  [jvm.dll+0x67a38a]
V  [jvm.dll+0x7da7ed]
V  [jvm.dll+0x7dc133]
V  [jvm.dll+0x7dc7a3]
V  [jvm.dll+0x24517f]
V  [jvm.dll+0x6773b9]
V  [jvm.dll+0x66c062]
V  [jvm.dll+0x302096]
V  [jvm.dll+0x309636]
V  [jvm.dll+0x359f8e]
V  [jvm.dll+0x35a1bf]
V  [jvm.dll+0x2d9168]
V  [jvm.dll+0x2da0d4]
V  [jvm.dll+0x7acf71]
V  [jvm.dll+0x3677f1]
V  [jvm.dll+0x78bdf9]
V  [jvm.dll+0x3ecbaf]
V  [jvm.dll+0x3ee7e1]
C  [jli.dll+0x5297]
C  [ucrtbase.dll+0x37b0]
C  [KERNEL32.DLL+0x2e8d7]
C  [ntdll.dll+0x9c5dc]


---------------  P R O C E S S  ---------------

Threads class SMR info:
_java_thread_list=0x00007ffeab9b8a18, length=0, elements={
}

Java Threads: ( => current thread )

Other Threads:
  0x0000023105b52400 GCTaskThread "GC Thread#0" [stack: 0x000000806cb00000,0x000000806cc00000] [id=10268]
  0x0000023105b63c00 ConcurrentGCThread "G1 Main Marker" [stack: 0x000000806cc00000,0x000000806cd00000] [id=15292]
  0x0000023105b65cd0 ConcurrentGCThread "G1 Conc#0" [stack: 0x000000806cd00000,0x000000806ce00000] [id=21492]

[error occurred during error reporting (printing all threads), id 0xc0000005, EXCEPTION_ACCESS_VIOLATION (0xc0000005) at pc=0x00007ffeab1e9c57]

VM state: not at safepoint (not fully initialized)

VM Mutex/Monitor currently owned by a thread:  ([mutex/lock_event])
[0x0000023105ae0670] Heap_lock - owner thread: 0x0000023105ae4670

Heap address: 0x0000000703200000, size: 4046 MB, Compressed Oops mode: Zero based, Oop shift amount: 3

CDS archive(s) mapped at: [0x0000000000000000-0x0000000000000000-0x0000000000000000), size 0, SharedBaseAddress: 0x0000000800000000, ArchiveRelocationMode: 1.
Narrow klass base: 0x0000000000000000, Narrow klass shift: 0, Narrow klass range: 0x0

GC Precious Log:
<Empty>

Heap:
 garbage-first heap   total 0K, used 0K [0x0000000703200000, 0x0000000800000000)
  region size 2048K, 0 young (0K), 0 survivors (0K)

[error occurred during error reporting (printing heap information), id 0xc0000005, EXCEPTION_ACCESS_VIOLATION (0xc0000005) at pc=0x00007ffeab5d3b79]

GC Heap History (0 events):
No events

Deoptimization events (0 events):
No events

Classes unloaded (0 events):
No events

Classes redefined (0 events):
No events

Internal exceptions (0 events):
No events

VM Operations (0 events):
No events

Events (1 events):
Event: 0.022 Loaded shared library C:\Program Files\Java\jdk-17\bin\java.dll


Dynamic libraries:
0x00007ff67d950000 - 0x00007ff67d960000 	C:\Program Files\Java\jdk-17\bin\java.exe
0x00007fff21bc0000 - 0x00007fff21e26000 	C:\WINDOWS\SYSTEM32\ntdll.dll
0x00007fff1fc10000 - 0x00007fff1fcd9000 	C:\WINDOWS\System32\KERNEL32.DLL
0x00007fff1f070000 - 0x00007fff1f43c000 	C:\WINDOWS\System32\KERNELBASE.dll
0x00007fff1ed50000 - 0x00007fff1ee9b000 	C:\WINDOWS\System32\ucrtbase.dll
0x00007fff04c20000 - 0x00007fff04c39000 	C:\Program Files\Java\jdk-17\bin\jli.dll
0x00007fff1f980000 - 0x00007fff1fa32000 	C:\WINDOWS\System32\ADVAPI32.dll
0x00007fff02540000 - 0x00007fff0255b000 	C:\Program Files\Java\jdk-17\bin\VCRUNTIME140.dll
0x00007fff217f0000 - 0x00007fff21899000 	C:\WINDOWS\System32\msvcrt.dll
0x00007fff206d0000 - 0x00007fff20776000 	C:\WINDOWS\System32\sechost.dll
0x00007fff20780000 - 0x00007fff20896000 	C:\WINDOWS\System32\RPCRT4.dll
0x00007fff21620000 - 0x00007fff217ea000 	C:\WINDOWS\System32\USER32.dll
0x00007fff1f890000 - 0x00007fff1f8b7000 	C:\WINDOWS\System32\win32u.dll
0x00007fff21180000 - 0x00007fff211ab000 	C:\WINDOWS\System32\GDI32.dll
0x00007fff08ae0000 - 0x00007fff08d7a000 	C:\WINDOWS\WinSxS\amd64_microsoft.windows.common-controls_6595b64144ccf1df_6.0.26100.3912_none_3e07963ce335137e\COMCTL32.dll
0x00007fff1ef30000 - 0x00007fff1f062000 	C:\WINDOWS\System32\gdi32full.dll
0x00007fff1f440000 - 0x00007fff1f4e3000 	C:\WINDOWS\System32\msvcp_win.dll
0x00007fff0fcb0000 - 0x00007fff0fcbb000 	C:\WINDOWS\SYSTEM32\VERSION.dll
0x00007fff21930000 - 0x00007fff21960000 	C:\WINDOWS\System32\IMM32.DLL
0x00007fff08f20000 - 0x00007fff08f2c000 	C:\Program Files\Java\jdk-17\bin\vcruntime140_1.dll
0x00007ffee7150000 - 0x00007ffee71de000 	C:\Program Files\Java\jdk-17\bin\msvcp140.dll
0x00007ffeaaf00000 - 0x00007ffeabae1000 	C:\Program Files\Java\jdk-17\bin\server\jvm.dll
0x00007fff1fc00000 - 0x00007fff1fc08000 	C:\WINDOWS\System32\PSAPI.DLL
0x00007fff08fd0000 - 0x00007fff09006000 	C:\WINDOWS\SYSTEM32\WINMM.dll
0x00007fff07e20000 - 0x00007fff07e2a000 	C:\WINDOWS\SYSTEM32\WSOCK32.dll
0x00007fff218b0000 - 0x00007fff21924000 	C:\WINDOWS\System32\WS2_32.dll
0x00007fff1db70000 - 0x00007fff1db8a000 	C:\WINDOWS\SYSTEM32\kernel.appcore.dll
0x00007fff07d90000 - 0x00007fff07d9a000 	C:\Program Files\Java\jdk-17\bin\jimage.dll
0x00007fff1c440000 - 0x00007fff1c681000 	C:\WINDOWS\SYSTEM32\DBGHELP.DLL
0x00007fff1feb0000 - 0x00007fff20234000 	C:\WINDOWS\System32\combase.dll
0x00007fff21410000 - 0x00007fff214f0000 	C:\WINDOWS\System32\OLEAUT32.dll
0x00007fff0d1c0000 - 0x00007fff0d1f9000 	C:\WINDOWS\SYSTEM32\dbgcore.DLL
0x00007fff1f4f0000 - 0x00007fff1f589000 	C:\WINDOWS\System32\bcryptPrimitives.dll
0x00007fff021e0000 - 0x00007fff02205000 	C:\Program Files\Java\jdk-17\bin\java.dll

dbghelp: loaded successfully - version: 4.0.5 - missing functions: none
symbol engine: initialized successfully - sym options: 0x614 - pdb path: .;C:\Program Files\Java\jdk-17\bin;C:\WINDOWS\SYSTEM32;C:\WINDOWS\WinSxS\amd64_microsoft.windows.common-controls_6595b64144ccf1df_6.0.26100.3912_none_3e07963ce335137e;C:\Program Files\Java\jdk-17\bin\server

VM Arguments:
java_command: com.google.prefab.cli.AppKt --build-system cmake --platform android --abi arm64-v8a --os-version 24 --stl c++_shared --ndk-version 27 --output C:\\Users\\skyim\\AppData\\Local\\Temp\\agp-prefab-staging9993105400141246759\\staged-cli-output C:\\Users\\skyim\\.gradle\\caches\\8.13\\transforms\\8cb416b8178cb0e7f140959230f7f0bf\\transformed\\react-android-0.79.2-debug\\prefab C:\\locathon\\app\\android\\app\\build\\intermediates\\cxx\\refs\\react-native-reanimated\\2m5g6s1w C:\\Users\\skyim\\.gradle\\caches\\8.13\\transforms\\b91a94c10768de6e7e46fcdf99215bf3\\transformed\\hermes-android-0.79.2-debug\\prefab C:\\Users\\skyim\\.gradle\\caches\\8.13\\transforms\\72cde7dc85b5006383f56c98fcfedfa5\\transformed\\fbjni-0.7.0\\prefab
java_class_path (initial): C:\\Users\\skyim\\.gradle\\caches\\modules-2\\files-2.1\\com.google.prefab\\cli\\2.1.0\\aa32fec809c44fa531f01dcfb739b5b3304d3050\\cli-2.1.0-all.jar
Launcher Type: SUN_STANDARD

[Global flags]
     intx CICompilerCount                          = 4                                         {product} {ergonomic}
     uint ConcGCThreads                            = 2                                         {product} {ergonomic}
     uint G1ConcRefinementThreads                  = 8                                         {product} {ergonomic}
   size_t G1HeapRegionSize                         = 2097152                                   {product} {ergonomic}
    uintx GCDrainStackTargetSize                   = 64                                        {product} {ergonomic}
   size_t InitialHeapSize                          = 266338304                                 {product} {ergonomic}
   size_t MarkStackSize                            = 4194304                                   {product} {ergonomic}
   size_t MaxHeapSize                              = 4242538496                                {product} {ergonomic}
   size_t MinHeapDeltaBytes                        = 2097152                                   {product} {ergonomic}
   size_t MinHeapSize                              = 8388608                                   {product} {ergonomic}
    uintx NonNMethodCodeHeapSize                   = 5839372                                {pd product} {ergonomic}
    uintx NonProfiledCodeHeapSize                  = 122909434                              {pd product} {ergonomic}
    uintx ProfiledCodeHeapSize                     = 122909434                              {pd product} {ergonomic}
    uintx ReservedCodeCacheSize                    = 251658240                              {pd product} {ergonomic}
     bool SegmentedCodeCache                       = true                                      {product} {ergonomic}
   size_t SoftMaxHeapSize                          = 4242538496                             {manageable} {ergonomic}
     bool UseCompressedClassPointers               = true                           {product lp64_product} {ergonomic}
     bool UseCompressedOops                        = true                           {product lp64_product} {ergonomic}
     bool UseG1GC                                  = true                                      {product} {ergonomic}
     bool UseLargePagesIndividualAllocation        = false                                  {pd product} {ergonomic}

Logging:
Log output configuration:
 #0: stdout all=warning uptime,level,tags
 #1: stderr all=off uptime,level,tags

Environment Variables:
JAVA_HOME=C:\Program Files\Java\jdk-17
CLASSPATH=C:\locathon\app\android\\gradle\wrapper\gradle-wrapper.jar
PATH=C:\locathon\app\node_modules\.bin;C:\locathon\app\node_modules\.bin;C:\locathon\node_modules\.bin;C:\node_modules\.bin;C:\Users\skyim\AppData\Roaming\npm\node_modules\npm\node_modules\@npmcli\run-script\lib\node-gyp-bin;C:\Program Files\Java\jdk-17\bin;C:\WINDOWS\system32;C:\WINDOWS;C:\WINDOWS\System32\Wbem;C:\WINDOWS\System32\WindowsPowerShell\v1.0\;C:\WINDOWS\System32\OpenSSH\;C:\ProgramData\chocolatey\bin;C:\Program Files\nodejs\;C:\Program Files\Git\cmd;C:\Users\skyim\AppData\Local\Android\Sdk\platform-tools;C:\Users\skyim\AppData\Local\Android\Sdk\emulator;C:\Users\skyim\AppData\Local\Android\Sdk\build-tools;C:\Users\skyim\AppData\Local\Programs\Python\Launcher\;C:\Users\skyim\AppData\Local\Microsoft\WindowsApps;C:\Users\skyim\AppData\Local\Programs\Microsoft VS Code\bin;C:\Users\skyim\AppData\Roaming\npm;C:\Program Files\JetBrains\IntelliJ IDEA 2024.3.5\bin;;C:\Users\skyim\AppData\Local\Android\Sdk\tools;C:\Users\skyim\AppData\Local\Android\Sdk\platform-tools;C:\Users\skyim\AppData\Local\Android\Sdk\emulator;C:\Users\skyim\AppData\Local\Android\Sdk\build-tools;
USERNAME=skyim
LANG=en_US.UTF-8
OS=Windows_NT
PROCESSOR_IDENTIFIER=Intel64 Family 6 Model 140 Stepping 1, GenuineIntel



---------------  S Y S T E M  ---------------

OS:
 Windows 11 , 64 bit Build 26100 (10.0.26100.3912)
OS uptime: 0 days 7:22 hours

CPU: total 8 (initial active 8) (4 cores per cpu, 2 threads per core) family 6 model 140 stepping 1 microcode 0x8a, cx8, cmov, fxsr, ht, mmx, 3dnowpref, sse, sse2, sse3, ssse3, sse4.1, sse4.2, popcnt, lzcnt, tsc, tscinvbit, avx, avx2, aes, erms, clmul, bmi1, bmi2, adx, avx512f, avx512dq, avx512cd, avx512bw, avx512vl, sha, fma, vzeroupper, avx512_vpopcntdq, avx512_vpclmulqdq, avx512_vaes, avx512_vnni, clflush, clflushopt, clwb, avx512_vbmi2, avx512_vbmi

Memory: 4k page, system-wide physical 16183M (905M free)
TotalPageFile size 44537M (AvailPageFile size 40M)
current process WorkingSet (physical memory assigned to process): 12M, peak: 12M
current process commit charge ("private bytes"): 60M, peak: 314M

vm_info: Java HotSpot(TM) 64-Bit Server VM (17.0.14+8-LTS-191) for windows-amd64 JRE (17.0.14+8-LTS-191), built on Dec  3 2024 11:07:59 by "mach5one" with MS VC++ 17.6 (VS2022)

END.
